Log file open, 07/18/17 14:33:22
LogInit:Display: Running engine for game: CharInteraction
LogPlatformFile: Not using cached read wrapper
LogInit:Display: RandInit(-940708816) SRandInit(-940708816).
LogTaskGraph: Started task graph with 5 named threads and 8 total threads with 1 sets of task threads.
LogStats: Stats thread started at 0.087111
LogInit: Using libcurl 7.47.1
LogInit:  - built for x86_64-pc-win32
LogInit:  - supports SSL with OpenSSL/1.0.2g
LogInit:  - supports HTTP deflate (compression) using libz 1.2.8
LogInit:  - other features:
LogInit:      CURL_VERSION_SSL
LogInit:      CURL_VERSION_LIBZ
LogInit:      CURL_VERSION_IPV6
LogInit:      CURL_VERSION_ASYNCHDNS
LogInit:      CURL_VERSION_LARGEFILE
LogInit:      CURL_VERSION_IDN
LogInit:  CurlRequestOptions (configurable via config and command line):
LogInit:  - bVerifyPeer = false  - Libcurl will NOT verify peer certificate
LogInit:  - bUseHttpProxy = false  - Libcurl will NOT use HTTP proxy
LogInit:  - bDontReuseConnections = false  - Libcurl will reuse connections
LogInit:  - CertBundlePath = nullptr  - Libcurl will use whatever was configured at build time.
LogInit: Build: ++UE4+Release-4.16-CL-3466753
LogInit: Engine Version: 4.16.1-3466753+++UE4+Release-4.16
LogInit: Compatible Engine Version: 4.16.0-3452394+++UE4+Release-4.16
LogInit: Net CL: 3452394
LogDevObjectVersion: Number of dev versions registered: 16
LogDevObjectVersion:   Dev-Blueprints (B0D832E4-1F89-4F0D-ACCF-7EB736FD4AA2): 9
LogDevObjectVersion:   Dev-Build (E1C64328-A22C-4D53-A36C-8E866417BD8C): 0
LogDevObjectVersion:   Dev-Core (375EC13C-06E4-48FB-B500-84F0262A717E): 2
LogDevObjectVersion:   Dev-Editor (E4B068ED-F494-42E9-A231-DA0B2E46BB41): 17
LogDevObjectVersion:   Dev-Framework (CFFC743F-43B0-4480-9391-14DF171D2073): 23
LogDevObjectVersion:   Dev-Mobile (B02B49B5-BB20-44E9-A304-32B752E40360): 0
LogDevObjectVersion:   Dev-Networking (A4E4105C-59A1-49B5-A7C5-40C4547EDFEE): 0
LogDevObjectVersion:   Dev-Online (39C831C9-5AE6-47DC-9A44-9C173E1C8E7C): 0
LogDevObjectVersion:   Dev-Physics (78F01B33-EBEA-4F98-B9B4-84EACCB95AA2): 0
LogDevObjectVersion:   Dev-Platform (6631380F-2D4D-43E0-8009-CF276956A95A): 0
LogDevObjectVersion:   Dev-Rendering (12F88B9F-8875-4AFC-A67C-D90C383ABD29): 15
LogDevObjectVersion:   Dev-Sequencer (7B5AE74C-D270-4C10-A958-57980B212A5A): 4
LogDevObjectVersion:   Dev-VR (D7296918-1DD6-4BDD-9DE2-64A83CC13884): 0
LogDevObjectVersion:   Dev-LoadTimes (C2A15278-BFE7-4AFE-6C17-90FF531DF755): 1
LogDevObjectVersion:   Private-Geometry (6EACA3D4-40EC-4CC1-B786-8BED09428FC5): 1
LogDevObjectVersion:   Dev-AnimPhys (29E575DD-E0A3-4627-9D10-D276232CDCEA): 3
LogInit: Compiled (64-bit): May 31 2017 02:03:30
LogInit: Compiled with Visual C++: 19.00.24215.01
LogInit: Build Configuration: Development
LogInit: Branch Name: ++UE4+Release-4.16
LogInit: Command line:  
LogInit: Base directory: E:/Ue4/UE_4.16/Engine/Binaries/Win64/
LogInit: Installed Engine Build: 1
LogInit: Presizing for max 8388607 objects, including 0 objects not considered by GC, pre-allocating 0 bytes for permanent pool.
LogInit: Object subsystem initialized
[2017.07.18-06.33.22:507][  0]LogInit: Selected Device Profile: [Windows]
[2017.07.18-06.33.22:507][  0]LogInit: Applying CVar settings loaded from the selected device profile: [Windows]
[2017.07.18-06.33.22:513][  0]LogInit: Computer: AGOE21-06120904
[2017.07.18-06.33.22:513][  0]LogInit: User: Administrator
[2017.07.18-06.33.22:513][  0]LogInit: CPU Page size=4096, Cores=4
[2017.07.18-06.33.22:513][  0]LogInit: High frequency timer resolution =3.515633 MHz
[2017.07.18-06.33.22:513][  0]LogMemory: Memory total: Physical=16.0GB (16GB approx)
[2017.07.18-06.33.22:513][  0]LogMemory: Platform Memory Stats for Windows
[2017.07.18-06.33.22:513][  0]LogMemory: Process Physical Memory: 273.92 MB used, 273.92 MB peak
[2017.07.18-06.33.22:513][  0]LogMemory: Process Virtual Memory: 260.88 MB used, 260.88 MB peak
[2017.07.18-06.33.22:513][  0]LogMemory: Physical Memory: 7402.80 MB used,  8939.95 MB free, 16342.75 MB total
[2017.07.18-06.33.22:513][  0]LogMemory: Virtual Memory: 637.94 MB used,  8939.95 MB free, 134217728.00 MB total
[2017.07.18-06.33.22:562][  0]LogInit: Overriding language with editor language configuration option (en).
[2017.07.18-06.33.22:562][  0]LogInit: Overriding locale with editor locale configuration option (en).
[2017.07.18-06.33.23:324][  0]LogD3D11RHI: D3D11 adapters:
[2017.07.18-06.33.23:361][  0]LogD3D11RHI:    0. 'NVIDIA GeForce GTX 1060 6GB' (Feature Level 11_0)
[2017.07.18-06.33.23:361][  0]LogD3D11RHI:       6084/0/8171 MB DedicatedVideo/DedicatedSystem/SharedSystem, Outputs:2, VendorId:0x10de
[2017.07.18-06.33.23:363][  0]LogD3D11RHI:    1. 'Microsoft Basic Render Driver' (Feature Level 11_0)
[2017.07.18-06.33.23:363][  0]LogD3D11RHI:       0/0/8171 MB DedicatedVideo/DedicatedSystem/SharedSystem, Outputs:0, VendorId:0x1414
[2017.07.18-06.33.23:363][  0]LogD3D11RHI: Chosen D3D11 Adapter: 0
[2017.07.18-06.33.23:369][  0]LogD3D11RHI: Creating new Direct3DDevice
[2017.07.18-06.33.23:369][  0]LogD3D11RHI:     GPU DeviceId: 0x1c03 (for the marketing name, search the web for "GPU Device Id")
[2017.07.18-06.33.23:369][  0]LogWindows: EnumDisplayDevices:
[2017.07.18-06.33.23:369][  0]LogWindows:    0. 'NVIDIA GeForce GTX 1060 6GB' (P:1 D:1)
[2017.07.18-06.33.23:369][  0]LogWindows:    1. 'NVIDIA GeForce GTX 1060 6GB' (P:0 D:1)
[2017.07.18-06.33.23:370][  0]LogWindows:    2. 'NVIDIA GeForce GTX 1060 6GB' (P:0 D:0)
[2017.07.18-06.33.23:370][  0]LogWindows:    3. 'NVIDIA GeForce GTX 1060 6GB' (P:0 D:0)
[2017.07.18-06.33.23:370][  0]LogWindows: DebugString: FoundDriverCount:4 
[2017.07.18-06.33.23:370][  0]LogD3D11RHI:     Adapter Name: NVIDIA GeForce GTX 1060 6GB
[2017.07.18-06.33.23:370][  0]LogD3D11RHI:   Driver Version: 382.05 (internal:22.21.13.8205, unified:382.05)
[2017.07.18-06.33.23:370][  0]LogD3D11RHI:      Driver Date: 5-1-2017
[2017.07.18-06.33.23:370][  0]LogRHI: Texture pool is 1361 MB (70% of 1945 MB)
[2017.07.18-06.33.23:398][  0]LogD3D11RHI: Async texture creation enabled
[2017.07.18-06.33.23:413][  0]LogD3D11RHI: GPU Timing Frequency: 1000.000000 (Debug: 2 2)
[2017.07.18-06.33.23:505][  0]LogShaderCompilers: Guid format shader working directory is 11 characters bigger than the processId version (../../../../../Ceeray/CharInteraction/data/Intermediate/Shaders/WorkingDirectory/23052/).
[2017.07.18-06.33.23:505][  0]LogShaderCompilers: Cleaned the shader compiler working directory 'C:/Users/Administrator/AppData/Local/Temp/UnrealShaderWorkingDir/9725C501435405E136770A8C27B9B43C/'.
[2017.07.18-06.33.23:505][  0]LogShaderCompilers:Display: Using Local Shader Compiler.
[2017.07.18-06.33.24:342][  0]LogTemp:Display: Loaded TP AllDesktopTargetPlatform
[2017.07.18-06.33.24:378][  0]LogTemp:Display: Loaded TP MacClientTargetPlatform
[2017.07.18-06.33.24:413][  0]LogTemp:Display: Loaded TP MacNoEditorTargetPlatform
[2017.07.18-06.33.24:450][  0]LogTemp:Display: Loaded TP MacServerTargetPlatform
[2017.07.18-06.33.24:486][  0]LogTemp:Display: Loaded TP MacTargetPlatform
[2017.07.18-06.33.24:526][  0]LogTemp:Display: Loaded TP WindowsClientTargetPlatform
[2017.07.18-06.33.24:562][  0]LogTemp:Display: Loaded TP WindowsNoEditorTargetPlatform
[2017.07.18-06.33.24:597][  0]LogTemp:Display: Loaded TP WindowsServerTargetPlatform
[2017.07.18-06.33.24:627][  0]LogTemp:Display: Loaded TP WindowsTargetPlatform
[2017.07.18-06.33.24:660][  0]LogTemp:Display: Loaded TP AndroidTargetPlatform
[2017.07.18-06.33.24:694][  0]LogTemp:Display: Loaded TP Android_ASTCTargetPlatform
[2017.07.18-06.33.24:727][  0]LogTemp:Display: Loaded TP Android_ATCTargetPlatform
[2017.07.18-06.33.24:762][  0]LogTemp:Display: Loaded TP Android_DXTTargetPlatform
[2017.07.18-06.33.24:795][  0]LogTemp:Display: Loaded TP Android_ETC1TargetPlatform
[2017.07.18-06.33.24:827][  0]LogTemp:Display: Loaded TP Android_ETC2TargetPlatform
[2017.07.18-06.33.24:894][  0]LogTemp:Display: Loaded TP Android_MultiTargetPlatform
[2017.07.18-06.33.24:894][  0]LogTemp:Display: Loaded TP Android_PVRTCTargetPlatform
[2017.07.18-06.33.24:918][  0]LogTemp:Display: Loaded TP HTML5TargetPlatform
[2017.07.18-06.33.24:987][  0]LogTemp:Display: Loaded TP IOSTargetPlatform
[2017.07.18-06.33.25:008][  0]LogTemp:Display: Loaded TP TVOSTargetPlatform
[2017.07.18-06.33.25:043][  0]LogTemp:Display: Loaded TP LinuxClientTargetPlatform
[2017.07.18-06.33.25:075][  0]LogTemp:Display: Loaded TP LinuxNoEditorTargetPlatform
[2017.07.18-06.33.25:109][  0]LogTemp:Display: Loaded TP LinuxServerTargetPlatform
[2017.07.18-06.33.25:143][  0]LogTemp:Display: Loaded TP LinuxTargetPlatform
[2017.07.18-06.33.25:143][  0]LogTargetPlatformManager:Display: Building Assets For Windows
[2017.07.18-06.33.25:477][  0]LogDerivedDataCache:Display: Max Cache Size: 512 MB
[2017.07.18-06.33.25:570][  0]LogDerivedDataCache: Loaded boot cache 0.09s 103MB C:/Users/Administrator/AppData/Local/UnrealEngine/4.16/DerivedDataCache/Boot.ddc.
[2017.07.18-06.33.25:570][  0]LogDerivedDataCache:Display: Loaded Boot cache: C:/Users/Administrator/AppData/Local/UnrealEngine/4.16/DerivedDataCache/Boot.ddc
[2017.07.18-06.33.25:570][  0]LogDerivedDataCache: FDerivedDataBackendGraph:  Pak pak cache file ../../../../../Ceeray/CharInteraction/data/DerivedDataCache/DDC.ddp not found, will not use a pak cache.
[2017.07.18-06.33.25:570][  0]LogDerivedDataCache: Unable to find inner node Pak for hierarchical cache Hierarchy.
[2017.07.18-06.33.25:570][  0]LogDerivedDataCache: FDerivedDataBackendGraph:  CompressedPak pak cache file ../../../../../Ceeray/CharInteraction/data/DerivedDataCache/Compressed.ddp not found, will not use a pak cache.
[2017.07.18-06.33.25:570][  0]LogDerivedDataCache: Unable to find inner node CompressedPak for hierarchical cache Hierarchy.
[2017.07.18-06.33.25:583][  0]LogDerivedDataCache:Display: Pak cache opened for reading ../../../Engine/DerivedDataCache/Compressed.ddp.
[2017.07.18-06.33.25:596][  0]LogDerivedDataCache: Using Local data cache path C:/Users/Administrator/AppData/Local/UnrealEngine/Common/DerivedDataCache: Writable
[2017.07.18-06.33.25:604][  0]LogMaterial: Verifying Global Shaders for PCD3D_SM5
[2017.07.18-06.33.25:604][  0]LogSlate: Using Freetype 2.6.0
[2017.07.18-06.33.25:604][  0]LogSlate: SlateFontCache - WITH_FREETYPE: 1, WITH_HARFBUZZ: 1
[2017.07.18-06.33.25:604][  0]LogSlate: SlateFontCache - WITH_FREETYPE: 1, WITH_HARFBUZZ: 1
[2017.07.18-06.33.25:863][  0]LogInit: Selected Device Profile: [Windows]
[2017.07.18-06.33.25:949][  0]LogContentStreaming: Texture pool size is 0.00 MB
[2017.07.18-06.33.26:074][  0]LogMeshUtilities: Using QuadricMeshReduction for automatic static mesh reduction
[2017.07.18-06.33.26:103][  0]LogSimplygon: Simplygon DLL not present - disabling.
[2017.07.18-06.33.26:136][  0]LogMeshUtilities: Using SimplygonSwarm for distributed automatic mesh merging
[2017.07.18-06.33.26:136][  0]LogMeshUtilities: No automatic skeletal mesh reduction module available
[2017.07.18-06.33.26:136][  0]LogMeshUtilities: No automatic mesh merging module available
[2017.07.18-06.33.26:604][  0]LogNetVersion: CharInteraction , NetCL: 3452394, EngineNetVer: 2, GameNetVer: 0 (Checksum: 1133467863)
[2017.07.18-06.33.26:657][  0]LogAssetRegistry: FAssetRegistry took 0.0253 seconds to start up
[2017.07.18-06.33.26:691][  0]LogPackageLocalizationCache: Processed 4 localized package path(s) for 1 prioritized culture(s) in 0.016740 seconds
[2017.07.18-06.33.26:698][  0]LogUObjectArray: 34194 objects as part of root set at end of initial load.
[2017.07.18-06.33.26:698][  0]LogUObjectAllocator: 7260424 out of 0 bytes used by permanent object pool.
[2017.07.18-06.33.26:698][  0]LogUObjectArray: CloseDisregardForGC: 0/0 objects in disregard for GC pool
[2017.07.18-06.33.26:740][  0]LogInit: WinSock: version 1.1 (2.2), MaxSocks=32767, MaxUdp=65467
[2017.07.18-06.33.28:612][  0]LogTcpMessaging: Initializing TcpMessaging bridge
[2017.07.18-06.33.28:645][  0]LogUdpMessaging: Initializing bridge on interface 0.0.0.0:0 to multicast group 230.0.0.1:6666.
[2017.07.18-06.33.29:030][  0]LogMaterial: Uniform references updated for custom material expression Custom.
[2017.07.18-06.33.29:323][  0]SourceControl: Info Source control is disabled
[2017.07.18-06.33.29:383][  0]SourceControl: Info Source control is disabled
[2017.07.18-06.33.29:416][  0]SourceControl: Info Source control is disabled
[2017.07.18-06.33.29:448][  0]SourceControl: Info Source control is disabled
[2017.07.18-06.33.29:912][  0]LogAndroidPermission: UAndroidPermissionCallbackProxy::GetInstance
[2017.07.18-06.33.30:340][  0]LogEngine: Initializing Engine...
[2017.07.18-06.33.30:908][  0]LogHMD: SteamVR initialized.  Driver: lighthouse  Display: LHR-90EB704E
[2017.07.18-06.33.31:086][  0]LogStats: UGameplayTagsManager::ConstructGameplayTagTree: Construct from data asset -  0.000 s
[2017.07.18-06.33.31:086][  0]LogStats: UGameplayTagsManager::ConstructGameplayTagTree: GameplayTagTreeChangedEvent.Broadcast -  0.000 s
[2017.07.18-06.33.31:192][  0]LogAIModule: Creating AISystem for world Untitled
[2017.07.18-06.33.31:220][  0]LogInit: XAudio2 using '扬声器 (High Definition Audio 设备)' : 2 channels at 48 kHz using 16 bits per sample (channel mask 0x3)
[2017.07.18-06.33.31:238][  0]LogInit: FAudioDevice initialized.
[2017.07.18-06.33.31:292][  0]LogDerivedDataCache: Saved boot cache 0.05s 103MB C:/Users/Administrator/AppData/Local/UnrealEngine/4.16/DerivedDataCache/Boot.ddc.
[2017.07.18-06.33.31:305][  0]LogInit: Texture streaming: Enabled
[2017.07.18-06.33.31:373][  0]LogEngineSessionManager: EngineSessionManager initialized
[2017.07.18-06.33.31:538][  0]LogInit: Transaction tracking system initialized
[2017.07.18-06.33.31:779][  0]BlueprintLog: New page: Editor Load
[2017.07.18-06.33.32:421][  0]LocalizationService: Info Localization service is disabled
[2017.07.18-06.33.32:910][  0]LogConsoleResponse:Display: 
[2017.07.18-06.33.33:036][  0]LogCook:Display: Max memory allowance for cook 16384mb min free memory 0mb
[2017.07.18-06.33.33:036][  0]LogCook:Display: Mobile HDR setting 1
[2017.07.18-06.33.33:776][  0]LogFileCache: Scanning file cache for directory 'E:/Ceeray/CharInteraction/data/Content/' took 0.03s
[2017.07.18-06.33.33:776][  0]SourceControl: Info Source control is disabled
[2017.07.18-06.33.33:863][  0]LogSlate: Took 0.000143 seconds to synchronously load lazily loaded font '../../../Engine/Content/Slate/Fonts/Roboto-Regular.ttf' (155K)
[2017.07.18-06.33.35:122][  0]LogWindowsTextInputMethodSystem:Display: IME system now activated using TSF (微软拼音).
[2017.07.18-06.33.35:132][  0]LogWindowsTextInputMethodSystem:Display: IME system now activated using TSF (微软拼音).
[2017.07.18-06.33.35:133][  0]Cmd: MAP LOAD FILE="../../../../../Ceeray/CharInteraction/data/Content/Untitled.umap" TEMPLATE=0 SHOWPROGRESS=1 FEATURELEVEL=3
[2017.07.18-06.33.35:134][  0]LightingResults: New page: Lighting Build
[2017.07.18-06.33.35:163][  0]MapCheck: New page: Map Check
[2017.07.18-06.33.35:163][  0]LightingResults: New page: Lighting Build
[2017.07.18-06.33.37:236][  0]LogClass:Warning: Enum '/Game/Interaction/Blueprints/Weapon/Enum_ShootingMode.Enum_ShootingMode' was upgraded to use FText to store its display name data. Please re-save this asset to avoid issues with localization and determinstic cooking.
[2017.07.18-06.33.37:802][  0]LogBlueprint:Warning: [Enemy_Controller] 'Direction' variable not found. Base class was probably changed.
[2017.07.18-06.33.37:802][  0]LogBlueprint:Warning: [Enemy_Controller] 'Direction' variable not found. Base class was probably changed.
[2017.07.18-06.33.39:790][  0]LogBlueprint:Warning: [Enemy_Controller] 'Direction' variable not found. Base class was probably changed.
[2017.07.18-06.33.39:790][  0]LogBlueprint:Warning: [Enemy_Controller] 'Direction' variable not found. Base class was probably changed.
[2017.07.18-06.33.42:932][  0]LogAIModule: Creating AISystem for world Untitled
[2017.07.18-06.33.42:952][  0]LogEditorServer: Finished looking for orphan Actors (0.000 secs)
[2017.07.18-06.33.43:079][  0]Cmd: MAP CHECKDEP NOCLEARLOG
[2017.07.18-06.33.43:158][  0]MapCheck: Info Map check complete: 0 Error(s), 0 Warning(s), took 79.285ms to complete.
[2017.07.18-06.33.43:158][  0]LogFileHelpers: Loading map 'Untitled' took 8.025
[2017.07.18-06.33.43:242][  0]LogStats:Warning: MetaData mismatch. Did you assign a stat to two groups? New //STATGROUP_Threads//SplashScreenThread///Thread_3434_0///####STATCAT_Advanced#### old //STATGROUP_Threads//SplashScreenThread///Thread_1eb0_0///####STATCAT_Advanced####
[2017.07.18-06.33.43:242][  0]LogCollectionManager: Loaded 0 collections in 0.001734 seconds
[2017.07.18-06.33.43:309][  0]LogFileCache: Scanning file cache for directory 'E:/Ceeray/CharInteraction/data/Saved/Collections/' took 0.01s
[2017.07.18-06.33.43:309][  0]LogFileCache: Scanning file cache for directory 'E:/Ceeray/CharInteraction/data/Content/Developers/Administrator/Collections/' took 0.01s
[2017.07.18-06.33.43:309][  0]LogFileCache: Scanning file cache for directory 'E:/Ceeray/CharInteraction/data/Content/Collections/' took 0.01s
[2017.07.18-06.33.43:309][  0]LogCollectionManager: Rebuilt the GUID cache for 0 collections in 0.000001 seconds
[2017.07.18-06.33.43:317][  0]LogContentBrowser: Native class hierarchy populated in 0.0075 seconds. Added 2329 classes and 491 folders.
[2017.07.18-06.33.43:363][  0]LogContentBrowser: Native class hierarchy updated for 'WidgetCarousel' in 0.0004 seconds. Added 0 classes and 0 folders.
[2017.07.18-06.33.43:396][  0]LogContentBrowser: Native class hierarchy updated for 'AddContentDialog' in 0.0006 seconds. Added 0 classes and 0 folders.
[2017.07.18-06.33.43:425][  0]LogContentBrowser: Native class hierarchy updated for 'SceneOutliner' in 0.0005 seconds. Added 1 classes and 2 folders.
[2017.07.18-06.33.43:472][  0]LogContentBrowser: Native class hierarchy updated for 'WorldBrowser' in 0.0005 seconds. Added 1 classes and 3 folders.
[2017.07.18-06.33.43:573][  0]LogCrashTracker: Crashtracker disabled due to settings.
[2017.07.18-06.33.43:578][  0]LogSlate: Took 0.000162 seconds to synchronously load lazily loaded font '../../../Engine/Content/Slate/Fonts/Roboto-Bold.ttf' (160K)
[2017.07.18-06.33.43:583][  0]LogSlate: Took 0.000130 seconds to synchronously load lazily loaded font '../../../Engine/Content/Editor/Slate/Fonts/FontAwesome.ttf' (139K)
[2017.07.18-06.33.43:677][  0]LogRenderer: Reallocating scene render targets to support 1104x588 NumSamples 1 (Frame:1).
[2017.07.18-06.33.43:747][  0]LogSlate: Took 0.000181 seconds to synchronously load lazily loaded font '../../../Engine/Content/Slate/Fonts/Roboto-Light.ttf' (159K)
[2017.07.18-06.33.43:835][  0]LogUObjectGlobals:Warning: Failed to find object 'Class None.'
[2017.07.18-06.33.43:886][  0]LogContentBrowser: Native class hierarchy updated for 'HierarchicalLODOutliner' in 0.0006 seconds. Added 1 classes and 2 folders.
[2017.07.18-06.33.43:886][  0]LogLoad: (Engine Initialization) Total time: 22.70 seconds
[2017.07.18-06.33.43:886][  0]LogLoad: (Engine Initialization) Total Blueprint compile time: 3.18 seconds
[2017.07.18-06.33.43:886][  0]LogExternalProfiler: Found external profiler: VSPerf
[2017.07.18-06.33.43:886][  0]LogExternalProfiler: Using external profiler: VSPerf
[2017.07.18-06.33.43:897][  0]LogOcInput: OculusInput pre-init called
[2017.07.18-06.33.43:897][  0]LogHMD: Starting GearVRController plugin
[2017.07.18-06.33.43:947][  0]LogContentStreaming: Texture pool size now 3000 MB
[2017.07.18-06.33.44:575][  2]LogAssetRegistry: Asset discovery search completed in 17.9396 seconds
[2017.07.18-06.33.44:578][  2]LogCollectionManager: Rebuilt the object cache for 0 collections in 0.000001 seconds (found 0 objects)
[2017.07.18-06.33.44:578][  2]LogCollectionManager: Fixed up redirectors for 0 collections in 0.000062 seconds (updated 0 objects)
[2017.07.18-06.33.45:243][  4]LogSlate: Took 0.000161 seconds to synchronously load lazily loaded font '../../../Engine/Content/Slate/Fonts/Roboto-Light.ttf' (159K)
[2017.07.18-06.33.47:105][ 21]LogWindowsTextInputMethodSystem:Display: IME system now activated using TSF (微软拼音).
[2017.07.18-06.33.47:302][ 22]Cmd: QUIT_EDITOR
[2017.07.18-06.33.47:506][ 22]LogExit: Preparing to exit.
[2017.07.18-06.33.47:892][ 22]LogDirectoryWatcher: A directory notification for 'E:/Ceeray/CharInteraction/data/Content/' was aborted.
[2017.07.18-06.33.48:003][ 22]LogExit: Editor shut down
[2017.07.18-06.33.48:005][ 22]LogExit: Transaction tracking system shut down
[2017.07.18-06.33.48:887][ 22]LogObj: Freed 0b from 0 cluster array pools.
[2017.07.18-06.33.48:887][ 22]LogExit: Object subsystem successfully closed.
[2017.07.18-06.33.49:002][ 22]LogD3D11RHI: Shutdown
[2017.07.18-06.33.49:002][ 22]LogD3D11RHI: CleanupD3DDevice
[2017.07.18-06.33.49:075][ 22]LogD3D11RHI: ~FD3D11DynamicRHI
[2017.07.18-06.33.49:623][ 22]LogModuleManager: Shutting down and abandoning module HierarchicalLODOutliner (526)
[2017.07.18-06.33.49:633][ 22]LogModuleManager: Shutting down and abandoning module CrashTracker (524)
[2017.07.18-06.33.49:633][ 22]LogModuleManager: Shutting down and abandoning module WorldBrowser (522)
[2017.07.18-06.33.49:645][ 22]LogModuleManager: Shutting down and abandoning module SceneOutliner (520)
[2017.07.18-06.33.49:645][ 22]LogModuleManager: Shutting down and abandoning module AddContentDialog (518)
[2017.07.18-06.33.49:658][ 22]LogDirectoryWatcher: A directory notification for 'E:/Ue4/UE_4.16/FeaturePacks/' was aborted.
[2017.07.18-06.33.49:660][ 22]LogModuleManager: Shutting down and abandoning module WidgetCarousel (517)
[2017.07.18-06.33.49:660][ 22]LogModuleManager: Shutting down and abandoning module EditorWidgets (514)
[2017.07.18-06.33.49:660][ 22]LogModuleManager: Shutting down and abandoning module CollectionManager (512)
[2017.07.18-06.33.49:660][ 22]LogDirectoryWatcher: A directory notification for 'E:/Ceeray/CharInteraction/data/Content/Collections/' was aborted.
[2017.07.18-06.33.49:660][ 22]LogDirectoryWatcher: A directory notification for 'E:/Ceeray/CharInteraction/data/Content/Developers/Administrator/Collections/' was aborted.
[2017.07.18-06.33.49:660][ 22]LogDirectoryWatcher: A directory notification for 'E:/Ceeray/CharInteraction/data/Saved/Collections/' was aborted.
[2017.07.18-06.33.49:661][ 22]LogModuleManager: Shutting down and abandoning module StatsViewer (510)
[2017.07.18-06.33.49:671][ 22]LogModuleManager: Shutting down and abandoning module FoliageEdit (508)
[2017.07.18-06.33.49:671][ 22]LogModuleManager: Shutting down and abandoning module LandscapeEditor (506)
[2017.07.18-06.33.49:693][ 22]LogModuleManager: Shutting down and abandoning module MeshPaintMode (504)
[2017.07.18-06.33.49:693][ 22]LogModuleManager: Shutting down and abandoning module SceneDepthPickerMode (502)
[2017.07.18-06.33.49:693][ 22]LogModuleManager: Shutting down and abandoning module ActorPickerMode (500)
[2017.07.18-06.33.49:693][ 22]LogModuleManager: Shutting down and abandoning module GeometryMode (498)
[2017.07.18-06.33.49:693][ 22]LogModuleManager: Shutting down and abandoning module TextureAlignMode (496)
[2017.07.18-06.33.49:693][ 22]LogModuleManager: Shutting down and abandoning module BspMode (494)
[2017.07.18-06.33.49:706][ 22]LogModuleManager: Shutting down and abandoning module HardwareSurvey (492)
[2017.07.18-06.33.49:706][ 22]LogModuleManager: Shutting down and abandoning module SequenceRecorderSections (490)
[2017.07.18-06.33.49:706][ 22]LogModuleManager: Shutting down and abandoning module AutomationWorker (488)
[2017.07.18-06.33.49:715][ 22]LogModuleManager: Shutting down and abandoning module MatineeToLevelSequence (486)
[2017.07.18-06.33.49:725][ 22]LogModuleManager: Shutting down and abandoning module LevelSequenceEditor (484)
[2017.07.18-06.33.49:764][ 22]LogModuleManager: Shutting down and abandoning module PlacementMode (483)
[2017.07.18-06.33.49:764][ 22]LogModuleManager: Shutting down and abandoning module WmfMediaFactory (480)
[2017.07.18-06.33.49:764][ 22]LogModuleManager: Shutting down and abandoning module WmfMediaEditor (478)
[2017.07.18-06.33.49:764][ 22]LogModuleManager: Shutting down and abandoning module AvfMediaFactory (476)
[2017.07.18-06.33.49:764][ 22]LogModuleManager: Shutting down and abandoning module AvfMediaEditor (474)
[2017.07.18-06.33.49:764][ 22]LogModuleManager: Shutting down and abandoning module AndroidMediaFactory (472)
[2017.07.18-06.33.49:764][ 22]LogModuleManager: Shutting down and abandoning module Media (471)
[2017.07.18-06.33.49:764][ 22]LogModuleManager: Shutting down and abandoning module AndroidMediaEditor (468)
[2017.07.18-06.33.49:764][ 22]LogModuleManager: Shutting down and abandoning module CharacterAI (466)
[2017.07.18-06.33.49:764][ 22]LogModuleManager: Shutting down and abandoning module AudioCapture (464)
[2017.07.18-06.33.49:775][ 22]LogModuleManager: Shutting down and abandoning module SequenceRecorder (463)
[2017.07.18-06.33.49:776][ 22]LogModuleManager: Shutting down and abandoning module SmartSnapping (460)
[2017.07.18-06.33.49:776][ 22]LogModuleManager: Shutting down and abandoning module SessionServices (458)
[2017.07.18-06.33.49:776][ 22]LogModuleManager: Shutting down and abandoning module ViewportSnapping (456)
[2017.07.18-06.33.49:776][ 22]LogModuleManager: Shutting down and abandoning module ViewportInteraction (454)
[2017.07.18-06.33.49:776][ 22]LogModuleManager: Shutting down and abandoning module ClothPainter (452)
[2017.07.18-06.33.49:797][ 22]LogModuleManager: Shutting down and abandoning module LogVisualizer (450)
[2017.07.18-06.33.49:813][ 22]LogModuleManager: Shutting down and abandoning module IntroTutorials (448)
[2017.07.18-06.33.49:825][ 22]LogModuleManager: Shutting down and abandoning module GameProjectGeneration (447)
[2017.07.18-06.33.49:842][ 22]LogModuleManager: Shutting down and abandoning module EditorLiveStreaming (444)
[2017.07.18-06.33.49:842][ 22]LogModuleManager: Shutting down and abandoning module IOSPlatformEditor (442)
[2017.07.18-06.33.49:842][ 22]LogModuleManager: Shutting down and abandoning module HTML5PlatformEditor (440)
[2017.07.18-06.33.49:842][ 22]LogModuleManager: Shutting down and abandoning module AndroidPlatformEditor (438)
[2017.07.18-06.33.49:842][ 22]LogModuleManager: Shutting down and abandoning module AndroidDeviceDetection (437)
[2017.07.18-06.33.50:681][ 22]LogModuleManager: Shutting down and abandoning module IOSRuntimeSettings (434)
[2017.07.18-06.33.50:681][ 22]LogModuleManager: Shutting down and abandoning module AndroidRuntimeSettings (432)
[2017.07.18-06.33.50:681][ 22]LogModuleManager: Shutting down and abandoning module InputBindingEditor (430)
[2017.07.18-06.33.50:700][ 22]LogModuleManager: Shutting down and abandoning module MergeActors (428)
[2017.07.18-06.33.50:702][ 22]LogModuleManager: Shutting down and abandoning module SizeMap (426)
[2017.07.18-06.33.50:702][ 22]LogModuleManager: Shutting down and abandoning module TreeMap (424)
[2017.07.18-06.33.50:707][ 22]LogModuleManager: Shutting down and abandoning module ReferenceViewer (422)
[2017.07.18-06.33.50:715][ 22]LogModuleManager: Shutting down and abandoning module LocalizationDashboard (420)
[2017.07.18-06.33.50:727][ 22]LogModuleManager: Shutting down and abandoning module LocalizationService (419)
[2017.07.18-06.33.50:732][ 22]LogModuleManager: Shutting down and abandoning module HardwareTargeting (416)
[2017.07.18-06.33.50:732][ 22]LogModuleManager: Shutting down and abandoning module DeviceProfileEditor (414)
[2017.07.18-06.33.50:741][ 22]LogModuleManager: Shutting down and abandoning module UndoHistory (412)
[2017.07.18-06.33.50:747][ 22]LogModuleManager: Shutting down and abandoning module UserFeedback (410)
[2017.07.18-06.33.50:747][ 22]LogModuleManager: Shutting down and abandoning module XmlParser (408)
[2017.07.18-06.33.50:747][ 22]LogModuleManager: Shutting down and abandoning module Blutility (406)
[2017.07.18-06.33.50:757][ 22]LogModuleManager: Shutting down and abandoning module ProjectSettingsViewer (404)
[2017.07.18-06.33.50:757][ 22]LogModuleManager: Shutting down and abandoning module ProjectTargetPlatformEditor (403)
[2017.07.18-06.33.50:757][ 22]LogModuleManager: Shutting down and abandoning module EditorSettingsViewer (400)
[2017.07.18-06.33.50:757][ 22]LogModuleManager: Shutting down and abandoning module SettingsEditor (398)
[2017.07.18-06.33.50:757][ 22]LogModuleManager: Shutting down and abandoning module ProjectLauncher (396)
[2017.07.18-06.33.50:773][ 22]LogModuleManager: Shutting down and abandoning module SessionFrontend (394)
[2017.07.18-06.33.50:788][ 22]LogModuleManager: Shutting down and abandoning module ProfilerClient (392)
[2017.07.18-06.33.50:789][ 22]LogModuleManager: Shutting down and abandoning module DeviceManager (390)
[2017.07.18-06.33.50:804][ 22]LogModuleManager: Shutting down and abandoning module TargetDeviceServices (389)
[2017.07.18-06.33.50:857][ 22]LogModuleManager: Shutting down and abandoning module AutomationController (386)
[2017.07.18-06.33.50:864][ 22]LogModuleManager: Shutting down and abandoning module AutomationWindow (384)
[2017.07.18-06.33.50:881][ 22]LogModuleManager: Shutting down and abandoning module Layers (382)
[2017.07.18-06.33.50:895][ 22]LogModuleManager: Shutting down and abandoning module ComponentVisualizers (380)
[2017.07.18-06.33.50:895][ 22]LogModuleManager: Shutting down and abandoning module DetailCustomizations (378)
[2017.07.18-06.33.50:895][ 22]LogModuleManager: Shutting down and abandoning module PackagesDialog (376)
[2017.07.18-06.33.50:895][ 22]LogModuleManager: Shutting down and abandoning module Persona (374)
[2017.07.18-06.33.50:911][ 22]LogModuleManager: Shutting down and abandoning module AdvancedPreviewScene (373)
[2017.07.18-06.33.50:911][ 22]LogModuleManager: Shutting down and abandoning module AnimGraph (371)
[2017.07.18-06.33.50:911][ 22]LogModuleManager: Shutting down and abandoning module Kismet (368)
[2017.07.18-06.33.50:920][ 22]LogModuleManager: Shutting down and abandoning module ClassViewer (366)
[2017.07.18-06.33.50:920][ 22]LogModuleManager: Shutting down and abandoning module Toolbox (364)
[2017.07.18-06.33.50:920][ 22]LogModuleManager: Shutting down and abandoning module ModuleUI (362)
[2017.07.18-06.33.50:930][ 22]LogModuleManager: Shutting down and abandoning module MovieSceneTools (360)
[2017.07.18-06.33.50:949][ 22]LogModuleManager: Shutting down and abandoning module OutputLog (358)
[2017.07.18-06.33.50:949][ 22]LogModuleManager: Shutting down and abandoning module GammaUI (356)
[2017.07.18-06.33.50:959][ 22]LogModuleManager: Shutting down and abandoning module Documentation (354)
[2017.07.18-06.33.50:959][ 22]LogModuleManager: Shutting down and abandoning module MovieSceneTracks (352)
[2017.07.18-06.33.50:959][ 22]LogModuleManager: Shutting down and abandoning module MovieScene (350)
[2017.07.18-06.33.50:959][ 22]LogModuleManager: Shutting down and abandoning module Niagara (348)
[2017.07.18-06.33.50:959][ 22]LogModuleManager: Shutting down and abandoning module NiagaraEditor (347)
[2017.07.18-06.33.50:984][ 22]LogModuleManager: Shutting down and abandoning module StreamingPauseRendering (344)
[2017.07.18-06.33.50:984][ 22]LogModuleManager: Shutting down and abandoning module AnalyticsET (342)
[2017.07.18-06.33.50:984][ 22]LogModuleManager: Shutting down and abandoning module PortalServices (340)
[2017.07.18-06.33.50:984][ 22]LogModuleManager: Shutting down and abandoning module PortalRpc (338)
[2017.07.18-06.33.50:984][ 22]LogModuleManager: Shutting down and abandoning module MessagingRpc (336)
[2017.07.18-06.33.50:984][ 22]LogModuleManager: Shutting down and abandoning module AIModule (334)
[2017.07.18-06.33.50:993][ 22]LogModuleManager: Shutting down and abandoning module GameplayDebugger (333)
[2017.07.18-06.33.50:993][ 22]LogModuleManager: Shutting down and abandoning module AITestSuite (331)
[2017.07.18-06.33.51:005][ 22]LogModuleManager: Shutting down and abandoning module ProfilerService (328)
[2017.07.18-06.33.51:072][ 22]LogModuleManager: Shutting down and abandoning module TaskGraph (326)
[2017.07.18-06.33.51:096][ 22]LogModuleManager: Shutting down and abandoning module SteamVRController (324)
[2017.07.18-06.33.51:096][ 22]LogModuleManager: Shutting down and abandoning module SteamVR (322)
[2017.07.18-06.33.51:096][ 22]LogModuleManager: Shutting down and abandoning module ProceduralMeshComponentEditor (320)
[2017.07.18-06.33.51:096][ 22]LogModuleManager: Shutting down and abandoning module ProceduralMeshComponent (318)
[2017.07.18-06.33.51:102][ 22]LogModuleManager: Shutting down and abandoning module OculusLibrary (316)
[2017.07.18-06.33.51:102][ 22]LogModuleManager: Shutting down and abandoning module OculusInput (314)
[2017.07.18-06.33.51:102][ 22]LogModuleManager: Shutting down and abandoning module MobilePatchingUtils (312)
[2017.07.18-06.33.51:102][ 22]LogModuleManager: Shutting down and abandoning module CustomMeshComponent (310)
[2017.07.18-06.33.51:102][ 22]LogModuleManager: Shutting down and abandoning module CableComponent (308)
[2017.07.18-06.33.51:102][ 22]LogModuleManager: Shutting down and abandoning module ArchVisCharacter (306)
[2017.07.18-06.33.51:102][ 22]LogModuleManager: Shutting down and abandoning module AndroidPermission (304)
[2017.07.18-06.33.51:102][ 22]LogModuleManager: Shutting down and abandoning module MediaPlayerEditor (300)
[2017.07.18-06.33.51:123][ 22]LogModuleManager: Shutting down and abandoning module HTML5Networking (298)
[2017.07.18-06.33.51:123][ 22]LogModuleManager: Shutting down and abandoning module AlembicImporter (296)
[2017.07.18-06.33.51:132][ 22]LogModuleManager: Shutting down and abandoning module AlembicLibrary (295)
[2017.07.18-06.33.51:133][ 22]LogModuleManager: Shutting down and abandoning module GeometryCache (294)
[2017.07.18-06.33.51:133][ 22]LogModuleManager: Shutting down and abandoning module GeometryCacheEd (293)
[2017.07.18-06.33.51:133][ 22]LogModuleManager: Shutting down and abandoning module SuperSearchEditor (288)
[2017.07.18-06.33.51:133][ 22]LogModuleManager: Shutting down and abandoning module SuperSearch (287)
[2017.07.18-06.33.51:133][ 22]LogModuleManager: Shutting down and abandoning module SpeedTreeImporter (284)
[2017.07.18-06.33.51:133][ 22]LogModuleManager: Shutting down and abandoning module PluginBrowser (282)
[2017.07.18-06.33.51:134][ 22]LogModuleManager: Shutting down and abandoning module MobileLauncherProfileWizard (280)
[2017.07.18-06.33.51:150][ 22]LogModuleManager: Shutting down and abandoning module VisualStudioSourceCodeAccess (278)
[2017.07.18-06.33.51:150][ 22]LogModuleManager: Shutting down and abandoning module DesktopPlatform (277)
[2017.07.18-06.33.51:150][ 22]LogModuleManager: Shutting down and abandoning module UObjectPlugin (274)
[2017.07.18-06.33.51:150][ 22]LogModuleManager: Shutting down and abandoning module SubversionSourceControl (272)
[2017.07.18-06.33.51:160][ 22]LogModuleManager: Shutting down and abandoning module PerforceSourceControl (270)
[2017.07.18-06.33.51:167][ 22]LogModuleManager: Shutting down and abandoning module GitSourceControl (268)
[2017.07.18-06.33.51:178][ 22]LogModuleManager: Shutting down and abandoning module SourceControl (267)
[2017.07.18-06.33.51:190][ 22]LogModuleManager: Shutting down and abandoning module LightPropagationVolumeEditor (264)
[2017.07.18-06.33.51:190][ 22]LogModuleManager: Shutting down and abandoning module PaperTiledImporter (262)
[2017.07.18-06.33.51:190][ 22]LogModuleManager: Shutting down and abandoning module PaperSpriteSheetImporter (260)
[2017.07.18-06.33.51:190][ 22]LogModuleManager: Shutting down and abandoning module Paper2DEditor (258)
[2017.07.18-06.33.51:202][ 22]LogModuleManager: Shutting down and abandoning module MeshPaint (257)
[2017.07.18-06.33.51:209][ 22]LogModuleManager: Shutting down and abandoning module LevelEditor (255)
[2017.07.18-06.33.51:219][ 22]LogModuleManager: Shutting down and abandoning module PixelInspectorModule (254)
[2017.07.18-06.33.51:234][ 22]LogModuleManager: Shutting down and abandoning module MainFrame (252)
[2017.07.18-06.33.51:243][ 22]LogModuleManager: Shutting down and abandoning module HotReload (251)
[2017.07.18-06.33.51:252][ 22]LogModuleManager: Shutting down and abandoning module PhysXVehiclesEditor (246)
[2017.07.18-06.33.51:257][ 22]LogModuleManager: Shutting down and abandoning module PhysXVehicles (244)
[2017.07.18-06.33.51:257][ 22]LogModuleManager: Shutting down and abandoning module LocationServicesBPLibrary (242)
[2017.07.18-06.33.51:257][ 22]LogModuleManager: Shutting down and abandoning module ImmediatePhysicsEditor (240)
[2017.07.18-06.33.51:257][ 22]LogModuleManager: Shutting down and abandoning module ImmediatePhysics (238)
[2017.07.18-06.33.51:264][ 22]LogModuleManager: Shutting down and abandoning module UdpMessaging (236)
[2017.07.18-06.33.51:364][ 22]LogModuleManager: Shutting down and abandoning module TcpMessaging (234)
[2017.07.18-06.33.51:474][ 22]LogModuleManager: Shutting down and abandoning module GameplayTagsEditor (232)
[2017.07.18-06.33.51:493][ 22]LogModuleManager: Shutting down and abandoning module FacialAnimationEditor (230)
[2017.07.18-06.33.51:493][ 22]LogModuleManager: Shutting down and abandoning module FacialAnimation (228)
[2017.07.18-06.33.51:493][ 22]LogModuleManager: Shutting down and abandoning module AssetManagerEditor (226)
[2017.07.18-06.33.51:500][ 22]LogModuleManager: Shutting down and abandoning module GraphEditor (225)
[2017.07.18-06.33.51:501][ 22]LogModuleManager: Shutting down and abandoning module ContentBrowser (223)
[2017.07.18-06.33.51:501][ 22]LogModuleManager: Shutting down and abandoning module LightPropagationVolumeRuntime (220)
[2017.07.18-06.33.51:502][ 22]LogModuleManager: Shutting down and abandoning module Paper2D (218)
[2017.07.18-06.33.51:509][ 22]LogModuleManager: Shutting down and abandoning module WindowsMoviePlayer (216)
[2017.07.18-06.33.51:509][ 22]LogModuleManager: Shutting down and abandoning module WmfMedia (214)
[2017.07.18-06.33.51:509][ 22]LogModuleManager: Shutting down and abandoning module ClothingSystemEditor (212)
[2017.07.18-06.33.51:509][ 22]LogModuleManager: Shutting down and abandoning module ClothingSystemRuntime (210)
[2017.07.18-06.33.51:528][ 22]LogModuleManager: Shutting down and abandoning module MediaAssets (208)
[2017.07.18-06.33.51:528][ 22]LogModuleManager: Shutting down and abandoning module GameLiveStreaming (206)
[2017.07.18-06.33.51:534][ 22]LogModuleManager: Shutting down and abandoning module VREditor (204)
[2017.07.18-06.33.51:541][ 22]LogModuleManager: Shutting down and abandoning module StringTableEditor (202)
[2017.07.18-06.33.51:548][ 22]LogModuleManager: Shutting down and abandoning module GameplayTasksEditor (200)
[2017.07.18-06.33.51:548][ 22]LogModuleManager: Shutting down and abandoning module BehaviorTreeEditor (198)
[2017.07.18-06.33.51:570][ 22]LogModuleManager: Shutting down and abandoning module FunctionalTesting (196)
[2017.07.18-06.33.51:570][ 22]LogModuleManager: Shutting down and abandoning module CollisionAnalyzer (194)
[2017.07.18-06.33.51:585][ 22]LogModuleManager: Shutting down and abandoning module UMG (192)
[2017.07.18-06.33.51:596][ 22]LogModuleManager: Shutting down and abandoning module UMGEditor (191)
[2017.07.18-06.33.51:617][ 22]LogModuleManager: Shutting down and abandoning module Sequencer (190)
[2017.07.18-06.33.51:637][ 22]LogModuleManager: Shutting down and abandoning module AssetTools (188)
[2017.07.18-06.33.51:656][ 22]LogModuleManager: Shutting down and abandoning module MessageLog (187)
[2017.07.18-06.33.51:656][ 22]LogModuleManager: Shutting down and abandoning module WorkspaceMenuStructure (186)
[2017.07.18-06.33.51:656][ 22]LogModuleManager: Shutting down and abandoning module SlateReflector (180)
[2017.07.18-06.33.51:683][ 22]LogModuleManager: Shutting down and abandoning module Slate (178)
[2017.07.18-06.33.51:683][ 22]LogModuleManager: Shutting down and abandoning module EditorStyle (176)
[2017.07.18-06.33.51:685][ 22]LogModuleManager: Shutting down and abandoning module SourceCodeAccess (174)
[2017.07.18-06.33.51:685][ 22]LogModuleManager: Shutting down and abandoning module HeadMountedDisplay (172)
[2017.07.18-06.33.51:685][ 22]LogModuleManager: Shutting down and abandoning module XAudio2 (170)
[2017.07.18-06.33.51:685][ 22]LogModuleManager: Shutting down and abandoning module Networking (168)
[2017.07.18-06.33.51:685][ 22]LogModuleManager: Shutting down and abandoning module Core (164)
[2017.07.18-06.33.51:685][ 22]LogModuleManager: Shutting down and abandoning module AssetRegistry (162)
[2017.07.18-06.33.51:744][ 22]LogDirectoryWatcher: A directory notification for '../../../Engine/Content/' was aborted.
[2017.07.18-06.33.51:745][ 22]LogDirectoryWatcher: A directory notification for '../../../../../Ceeray/CharInteraction/data/Content/' was aborted.
[2017.07.18-06.33.51:745][ 22]LogDirectoryWatcher: A directory notification for '../../../Engine/Plugins/2D/Paper2D/Content/' was aborted.
[2017.07.18-06.33.51:745][ 22]LogDirectoryWatcher: A directory notification for '../../../Engine/Plugins/Runtime/GearVR/Content/' was aborted.
[2017.07.18-06.33.51:761][ 22]LogModuleManager: Shutting down and abandoning module DirectoryWatcher (161)
[2017.07.18-06.33.51:761][ 22]LogModuleManager: Shutting down and abandoning module KismetCompiler (158)
[2017.07.18-06.33.51:761][ 22]LogModuleManager: Shutting down and abandoning module LevelSequence (156)
[2017.07.18-06.33.51:761][ 22]LogModuleManager: Shutting down and abandoning module PhysXFormats (154)
[2017.07.18-06.33.51:762][ 22]LogModuleManager: Shutting down and abandoning module MeshUtilities (152)
[2017.07.18-06.33.51:782][ 22]LogModuleManager: Shutting down and abandoning module SimplygonSwarm (151)
[2017.07.18-06.33.51:792][ 22]LogModuleManager: Shutting down and abandoning module SimplygonMeshReduction (149)
[2017.07.18-06.33.51:792][ 22]LogModuleManager: Shutting down and abandoning module QuadricMeshReduction (147)
[2017.07.18-06.33.51:803][ 22]LogModuleManager: Shutting down and abandoning module DerivedDataCache (144)
[2017.07.18-06.33.52:105][ 22]LogDerivedDataCache: Shutdown
[2017.07.18-06.33.52:105][ 22]LogModuleManager: Shutting down and abandoning module TargetPlatform (142)
[2017.07.18-06.33.52:105][ 22]LogModuleManager: Shutting down and abandoning module VulkanShaderFormat (141)
[2017.07.18-06.33.52:121][ 22]LogModuleManager: Shutting down and abandoning module ShaderFormatVectorVM (139)
[2017.07.18-06.33.52:128][ 22]LogModuleManager: Shutting down and abandoning module ShaderFormatOpenGL (137)
[2017.07.18-06.33.52:139][ 22]LogModuleManager: Shutting down and abandoning module ShaderFormatD3D (135)
[2017.07.18-06.33.52:139][ 22]LogModuleManager: Shutting down and abandoning module MetalShaderFormat (133)
[2017.07.18-06.33.52:149][ 22]LogModuleManager: Shutting down and abandoning module TextureFormatUncompressed (131)
[2017.07.18-06.33.52:149][ 22]LogModuleManager: Shutting down and abandoning module TextureFormatPVR (129)
[2017.07.18-06.33.52:149][ 22]LogModuleManager: Shutting down and abandoning module TextureFormatDXT (127)
[2017.07.18-06.33.52:149][ 22]LogModuleManager: Shutting down and abandoning module TextureFormatIntelISPCTexComp (125)
[2017.07.18-06.33.52:149][ 22]LogModuleManager: Shutting down and abandoning module TextureFormatASTC (123)
[2017.07.18-06.33.52:149][ 22]LogModuleManager: Shutting down and abandoning module ImageWrapper (122)
[2017.07.18-06.33.52:149][ 22]LogModuleManager: Shutting down and abandoning module TextureFormatAndroid (119)
[2017.07.18-06.33.52:149][ 22]LogModuleManager: Shutting down and abandoning module AudioFormatOpus (117)
[2017.07.18-06.33.52:149][ 22]LogModuleManager: Shutting down and abandoning module AudioFormatOgg (115)
[2017.07.18-06.33.52:149][ 22]LogModuleManager: Shutting down and abandoning module AudioFormatADPCM (113)
[2017.07.18-06.33.52:149][ 22]LogModuleManager: Shutting down and abandoning module LinuxTargetPlatform (111)
[2017.07.18-06.33.52:149][ 22]LogModuleManager: Shutting down and abandoning module LinuxServerTargetPlatform (109)
[2017.07.18-06.33.52:149][ 22]LogModuleManager: Shutting down and abandoning module LinuxNoEditorTargetPlatform (107)
[2017.07.18-06.33.52:149][ 22]LogModuleManager: Shutting down and abandoning module LinuxClientTargetPlatform (105)
[2017.07.18-06.33.52:149][ 22]LogModuleManager: Shutting down and abandoning module TVOSTargetPlatform (103)
[2017.07.18-06.33.52:149][ 22]LogModuleManager: Shutting down and abandoning module Messaging (101)
[2017.07.18-06.33.52:149][ 22]LogModuleManager: Shutting down and abandoning module IOSTargetPlatform (99)
[2017.07.18-06.33.52:149][ 22]LogModuleManager: Shutting down and abandoning module HTML5TargetPlatform (97)
[2017.07.18-06.33.52:149][ 22]LogModuleManager: Shutting down and abandoning module Android_PVRTCTargetPlatform (95)
[2017.07.18-06.33.52:149][ 22]LogModuleManager: Shutting down and abandoning module Android_MultiTargetPlatform (93)
[2017.07.18-06.33.52:149][ 22]LogModuleManager: Shutting down and abandoning module Android_ETC2TargetPlatform (91)
[2017.07.18-06.33.52:149][ 22]LogModuleManager: Shutting down and abandoning module Android_ETC1TargetPlatform (89)
[2017.07.18-06.33.52:149][ 22]LogModuleManager: Shutting down and abandoning module Android_DXTTargetPlatform (87)
[2017.07.18-06.33.52:149][ 22]LogModuleManager: Shutting down and abandoning module Android_ATCTargetPlatform (85)
[2017.07.18-06.33.52:149][ 22]LogModuleManager: Shutting down and abandoning module Android_ASTCTargetPlatform (83)
[2017.07.18-06.33.52:149][ 22]LogModuleManager: Shutting down and abandoning module AndroidTargetPlatform (81)
[2017.07.18-06.33.52:149][ 22]LogModuleManager: Shutting down and abandoning module WindowsTargetPlatform (79)
[2017.07.18-06.33.52:149][ 22]LogModuleManager: Shutting down and abandoning module WindowsServerTargetPlatform (77)
[2017.07.18-06.33.52:149][ 22]LogModuleManager: Shutting down and abandoning module WindowsNoEditorTargetPlatform (75)
[2017.07.18-06.33.52:149][ 22]LogModuleManager: Shutting down and abandoning module WindowsClientTargetPlatform (73)
[2017.07.18-06.33.52:149][ 22]LogModuleManager: Shutting down and abandoning module MacTargetPlatform (71)
[2017.07.18-06.33.52:149][ 22]LogModuleManager: Shutting down and abandoning module MacServerTargetPlatform (69)
[2017.07.18-06.33.52:149][ 22]LogModuleManager: Shutting down and abandoning module MacNoEditorTargetPlatform (67)
[2017.07.18-06.33.52:149][ 22]LogModuleManager: Shutting down and abandoning module MacClientTargetPlatform (65)
[2017.07.18-06.33.52:149][ 22]LogModuleManager: Shutting down and abandoning module AllDesktopTargetPlatform (63)
[2017.07.18-06.33.52:149][ 22]LogModuleManager: Shutting down and abandoning module InputCore (60)
[2017.07.18-06.33.52:149][ 22]LogModuleManager: Shutting down and abandoning module Settings (58)
[2017.07.18-06.33.52:149][ 22]LogModuleManager: Shutting down and abandoning module OculusRift (56)
[2017.07.18-06.33.52:155][ 22]LogModuleManager: Shutting down and abandoning module GearVRController (54)
[2017.07.18-06.33.52:155][ 22]LogModuleManager: Shutting down and abandoning module GearVR (52)
[2017.07.18-06.33.52:174][ 22]LogModuleManager: Shutting down and abandoning module ExampleDeviceProfileSelector (50)
[2017.07.18-06.33.52:174][ 22]LogModuleManager: Shutting down and abandoning module OnlineBlueprintSupport (48)
[2017.07.18-06.33.52:174][ 22]LogModuleManager: Shutting down and abandoning module OnlineSubsystem (44)
[2017.07.18-06.33.52:174][ 22]LogOnline:Display: Unloading online subsystem: NULL
[2017.07.18-06.33.52:197][ 22]LogModuleManager: Shutting down and abandoning module XMPP (43)
[2017.07.18-06.33.52:219][ 22]LogModuleManager: Shutting down and abandoning module HTTP (41)
[2017.07.18-06.33.52:219][ 22]LogHttp:Display: Http module shutting down, but needs to wait on 1 outstanding Http requests:
[2017.07.18-06.33.52:228][ 22]LogHttp:Display: 	verb=[POST] url=[https://datarouter.ol.epicgames.com/datarouter/api/v1/public/data?SessionID=%7B248104FC-42D9-FD48-538A-7D993578EC3C%7D&AppID=UEEditor.Rocket.Release&AppVersion=4.16.1-3466753%2B%2B%2BUE4%2BRelease-4.16&UserID=893b13354ca6821d545100aecee18ca8%7Ce231fa7e2a0545af83bd668649ed2b81%7Cd595b111-d967-453b-91cb-b8ad080fc7f7&AppEnvironment=datacollector-binary&UploadType=eteventstream] status=Processing
[2017.07.18-06.33.52:228][ 22]LogHttp:Display: Sleeping 0.5s to wait for 1 outstanding Http requests.
[2017.07.18-06.33.52:729][ 22]LogHttp:Display: Sleeping 0.5s to wait for 1 outstanding Http requests.
[2017.07.18-06.33.53:229][ 22]LogHttp:Display: Sleeping 0.5s to wait for 1 outstanding Http requests.
[2017.07.18-06.33.53:729][ 22]LogHttp:Display: Sleeping 0.5s to wait for 1 outstanding Http requests.
[2017.07.18-06.33.54:229][ 22]LogHttp:Display: Sleeping 0.5s to wait for 1 outstanding Http requests.
[2017.07.18-06.33.54:730][ 22]LogHttp:Display: Sleeping 0.5s to wait for 1 outstanding Http requests.
[2017.07.18-06.33.55:231][ 22]LogHttp:Display: Sleeping 0.5s to wait for 1 outstanding Http requests.
[2017.07.18-06.33.55:731][ 22]LogHttp:Display: Sleeping 0.5s to wait for 1 outstanding Http requests.
[2017.07.18-06.33.56:232][ 22]LogHttp:Display: Sleeping 0.5s to wait for 1 outstanding Http requests.
[2017.07.18-06.33.56:732][ 22]LogHttp:Display: Sleeping 0.5s to wait for 1 outstanding Http requests.
[2017.07.18-06.33.57:233][ 22]LogHttp:Display: Sleeping 0.5s to wait for 1 outstanding Http requests.
[2017.07.18-06.33.57:733][ 22]LogHttp:Display: Sleeping 0.5s to wait for 1 outstanding Http requests.
[2017.07.18-06.33.58:234][ 22]LogHttp:Display: Sleeping 0.5s to wait for 1 outstanding Http requests.
[2017.07.18-06.33.58:734][ 22]LogHttp:Display: Sleeping 0.5s to wait for 1 outstanding Http requests.
[2017.07.18-06.33.59:235][ 22]LogHttp:Display: Sleeping 0.5s to wait for 1 outstanding Http requests.
[2017.07.18-06.33.59:735][ 22]LogHttp:Display: Sleeping 0.5s to wait for 1 outstanding Http requests.
[2017.07.18-06.34.00:235][ 22]LogHttp:Display: Sleeping 0.5s to wait for 1 outstanding Http requests.
[2017.07.18-06.34.00:736][ 22]LogHttp:Display: Sleeping 0.5s to wait for 1 outstanding Http requests.
[2017.07.18-06.34.01:236][ 22]LogHttp:Display: Sleeping 0.5s to wait for 1 outstanding Http requests.
[2017.07.18-06.34.01:736][ 22]LogHttp:Display: Sleeping 0.5s to wait for 1 outstanding Http requests.
[2017.07.18-06.34.02:237][ 22]LogHttp:Display: Sleeping 0.5s to wait for 1 outstanding Http requests.
[2017.07.18-06.34.02:738][ 22]LogHttp:Display: Sleeping 0.5s to wait for 1 outstanding Http requests.
[2017.07.18-06.34.03:238][ 22]LogHttp:Display: Sleeping 0.5s to wait for 1 outstanding Http requests.
[2017.07.18-06.34.03:738][ 22]LogHttp:Display: Sleeping 0.5s to wait for 1 outstanding Http requests.
[2017.07.18-06.34.04:239][ 22]LogHttp:Display: Sleeping 0.5s to wait for 1 outstanding Http requests.
[2017.07.18-06.34.04:740][ 22]LogHttp:Display: Sleeping 0.5s to wait for 1 outstanding Http requests.
[2017.07.18-06.34.05:240][ 22]LogHttp:Display: Sleeping 0.5s to wait for 1 outstanding Http requests.
[2017.07.18-06.34.05:741][ 22]LogHttp:Display: Sleeping 0.5s to wait for 1 outstanding Http requests.
[2017.07.18-06.34.06:241][ 22]LogHttp:Display: Sleeping 0.5s to wait for 1 outstanding Http requests.
[2017.07.18-06.34.06:741][ 22]LogHttp:Display: Sleeping 0.5s to wait for 1 outstanding Http requests.
[2017.07.18-06.34.07:242][ 22]LogHttp:Display: Sleeping 0.5s to wait for 1 outstanding Http requests.
[2017.07.18-06.34.07:742][ 22]LogHttp:Display: Sleeping 0.5s to wait for 1 outstanding Http requests.
[2017.07.18-06.34.08:242][ 22]LogHttp:Display: Sleeping 0.5s to wait for 1 outstanding Http requests.
[2017.07.18-06.34.08:743][ 22]LogHttp:Display: Sleeping 0.5s to wait for 1 outstanding Http requests.
[2017.07.18-06.34.09:243][ 22]LogHttp:Display: Sleeping 0.5s to wait for 1 outstanding Http requests.
[2017.07.18-06.34.09:744][ 22]LogHttp:Display: Sleeping 0.5s to wait for 1 outstanding Http requests.
[2017.07.18-06.34.10:244][ 22]LogHttp:Display: Sleeping 0.5s to wait for 1 outstanding Http requests.
[2017.07.18-06.34.10:744][ 22]LogHttp:Display: Sleeping 0.5s to wait for 1 outstanding Http requests.
[2017.07.18-06.34.11:245][ 22]LogHttp:Display: Sleeping 0.5s to wait for 1 outstanding Http requests.
[2017.07.18-06.34.11:745][ 22]LogHttp:Display: Sleeping 0.5s to wait for 1 outstanding Http requests.
[2017.07.18-06.34.12:245][ 22]LogHttp:Display: Sleeping 0.5s to wait for 1 outstanding Http requests.
[2017.07.18-06.34.12:746][ 22]LogHttp:Display: Sleeping 0.5s to wait for 1 outstanding Http requests.
[2017.07.18-06.34.13:246][ 22]LogHttp:Display: Sleeping 0.5s to wait for 1 outstanding Http requests.
[2017.07.18-06.34.13:746][ 22]LogHttp:Display: Sleeping 0.5s to wait for 1 outstanding Http requests.
[2017.07.18-06.34.14:247][ 22]LogHttp:Display: Sleeping 0.5s to wait for 1 outstanding Http requests.
[2017.07.18-06.34.14:747][ 22]LogHttp:Display: Sleeping 0.5s to wait for 1 outstanding Http requests.
[2017.07.18-06.34.15:247][ 22]LogHttp:Display: Sleeping 0.5s to wait for 1 outstanding Http requests.
[2017.07.18-06.34.15:748][ 22]LogHttp:Display: Sleeping 0.5s to wait for 1 outstanding Http requests.
[2017.07.18-06.34.16:248][ 22]LogHttp:Display: Sleeping 0.5s to wait for 1 outstanding Http requests.
[2017.07.18-06.34.16:749][ 22]LogHttp:Display: Sleeping 0.5s to wait for 1 outstanding Http requests.
[2017.07.18-06.34.17:249][ 22]LogHttp:Display: Sleeping 0.5s to wait for 1 outstanding Http requests.
[2017.07.18-06.34.17:749][ 22]LogHttp:Display: Sleeping 0.5s to wait for 1 outstanding Http requests.
[2017.07.18-06.34.18:250][ 22]LogHttp:Display: Sleeping 0.5s to wait for 1 outstanding Http requests.
[2017.07.18-06.34.18:752][ 22]LogModuleManager: Shutting down and abandoning module SSL (40)
[2017.07.18-06.34.18:768][ 22]LogModuleManager: Shutting down and abandoning module HTTPChunkInstaller (36)
[2017.07.18-06.34.18:780][ 22]LogModuleManager: Shutting down and abandoning module AnimationModifiers (34)
[2017.07.18-06.34.18:798][ 22]LogModuleManager: Shutting down and abandoning module PropertyEditor (33)
[2017.07.18-06.34.18:798][ 22]LogModuleManager: Shutting down and abandoning module AudioEditor (30)
[2017.07.18-06.34.18:798][ 22]LogModuleManager: Shutting down and abandoning module TextureCompressor (28)
[2017.07.18-06.34.18:798][ 22]LogModuleManager: Shutting down and abandoning module ShaderCore (26)
[2017.07.18-06.34.18:798][ 22]LogModuleManager: Shutting down and abandoning module Landscape (24)
[2017.07.18-06.34.18:798][ 22]LogModuleManager: Shutting down and abandoning module SlateRHIRenderer (22)
[2017.07.18-06.34.18:821][ 22]LogModuleManager: Shutting down and abandoning module OpenGLDrv (20)
[2017.07.18-06.34.18:834][ 22]LogModuleManager: Shutting down and abandoning module D3D11RHI (18)
[2017.07.18-06.34.18:834][ 22]LogModuleManager: Shutting down and abandoning module AnimGraphRuntime (16)
[2017.07.18-06.34.18:834][ 22]LogModuleManager: Shutting down and abandoning module Renderer (14)
[2017.07.18-06.34.18:834][ 22]LogModuleManager: Shutting down and abandoning module Engine (12)
[2017.07.18-06.34.18:834][ 22]LogModuleManager: Shutting down and abandoning module CoreUObject (10)
[2017.07.18-06.34.18:834][ 22]LogModuleManager: Shutting down and abandoning module NetworkFile (8)
[2017.07.18-06.34.18:834][ 22]LogModuleManager: Shutting down and abandoning module StreamingFile (6)
[2017.07.18-06.34.18:834][ 22]LogModuleManager: Shutting down and abandoning module SandboxFile (4)
[2017.07.18-06.34.18:834][ 22]LogModuleManager: Shutting down and abandoning module PakFile (2)
[2017.07.18-06.34.18:836][ 22]LogExit: Exiting.
[2017.07.18-06.34.18:848][ 22]Log file closed, 07/18/17 14:34:18
